[0.129s] Invoking command in '/home/sdc/Desktop/mocap4ros2_ws/Archive/build/custom_robot_msgs': CMAKE_PREFIX_PATH=${CMAKE_PREFIX_PATH}:/home/sdc/Desktop/mocap4ros2_ws/Archive/install/target_pid_controller:/home/sdc/Desktop/mocap4ros2_ws/Archive/install/pure_pursuit:/home/sdc/Desktop/mocap4ros2_ws/install/target_pid_controller:/home/sdc/Desktop/mocap4ros2_ws/install/pure_pursuit:/home/sdc/Desktop/mocap4ros2_ws/install/rqt_joint_trajectory_controller:/home/sdc/Desktop/mocap4ros2_ws/install/rqt_controller_manager:/home/sdc/Desktop/mocap4ros2_ws/install/ros2controlcli:/home/sdc/Desktop/mocap4ros2_ws/install/ros2_controllers_test_nodes:/home/sdc/Desktop/mocap4ros2_ws/install/mocap4r2cli:/home/sdc/Desktop/mocap4ros2_ws/install/learning_tf2_py:/opt/ros/humble /usr/bin/cmake --build /home/sdc/Desktop/mocap4ros2_ws/Archive/build/custom_robot_msgs -- -j16 -l16
[0.328s] -- Found ament_cmake: 1.3.9 (/opt/ros/humble/share/ament_cmake/cmake)
[0.328s] -- Found rosidl_default_generators: 1.2.0 (/opt/ros/humble/share/rosidl_default_generators/cmake)
[0.328s] -- Using all available rosidl_typesupport_c: rosidl_typesupport_fastrtps_c;rosidl_typesupport_introspection_c
[0.328s] -- Found rosidl_adapter: 3.1.5 (/opt/ros/humble/share/rosidl_adapter/cmake)
[0.328s] -- Using all available rosidl_typesupport_cpp: rosidl_typesupport_fastrtps_cpp;rosidl_typesupport_introspection_cpp
[0.431s] -- Found ament_cmake_ros: 0.10.0 (/opt/ros/humble/share/ament_cmake_ros/cmake)
[0.561s] -- Using all available rosidl_typesupport_c: rosidl_typesupport_fastrtps_c;rosidl_typesupport_introspection_c
[0.740s] -- Using all available rosidl_typesupport_cpp: rosidl_typesupport_fastrtps_cpp;rosidl_typesupport_introspection_cpp
[0.759s] -- Found python_cmake_module: 0.10.0 (/opt/ros/humble/share/python_cmake_module/cmake)
[0.777s] -- Using PYTHON_EXECUTABLE: /usr/bin/python3
[0.777s] -- Using PYTHON_INCLUDE_DIRS: /usr/include/python3.10
[0.777s] -- Using PYTHON_LIBRARIES: /usr/lib/x86_64-linux-gnu/libpython3.10.so
[0.803s] -- Found std_msgs: 4.2.4 (/opt/ros/humble/share/std_msgs/cmake)
[0.838s] -- Found ament_lint_auto: 0.12.11 (/opt/ros/humble/share/ament_lint_auto/cmake)
[0.842s] -- Added test 'lint_cmake' to check CMake code style
[0.842s] -- Added test 'xmllint' to check XML markup files
[0.843s] -- Configuring done
[0.857s] -- Generating done
[0.859s] -- Build files have been written to: /home/sdc/Desktop/mocap4ros2_ws/Archive/build/custom_robot_msgs
[0.883s] [35m[1mConsolidate compiler generated dependencies of target custom_robot_msgs__rosidl_generator_c[0m
[0.888s] [  2%] Built target custom_robot_msgs__cpp
[0.896s] [  2%] Built target ament_cmake_python_copy_custom_robot_msgs
[0.896s] [35m[1mConsolidate compiler generated dependencies of target custom_robot_msgs__rosidl_typesupport_cpp[0m
[0.897s] [  5%] [32mBuilding C object CMakeFiles/custom_robot_msgs__rosidl_generator_c.dir/rosidl_generator_c/custom_robot_msgs/msg/detail/robot_command_msgs__functions.c.o[0m
[0.897s] [  7%] [32mBuilding C object CMakeFiles/custom_robot_msgs__rosidl_generator_c.dir/rosidl_generator_c/custom_robot_msgs/srv/detail/add_three_ints__functions.c.o[0m
[0.902s] [35m[1mConsolidate compiler generated dependencies of target custom_robot_msgs__rosidl_typesupport_introspection_cpp[0m
[0.902s] [35m[1mConsolidate compiler generated dependencies of target custom_robot_msgs__rosidl_typesupport_fastrtps_cpp[0m
[0.906s] In file included from [01m[K/home/sdc/Desktop/mocap4ros2_ws/Archive/build/custom_robot_msgs/rosidl_generator_c/custom_robot_msgs/msg/detail/robot_command_msgs__functions.h:19[m[K,
[0.906s]                  from [01m[K/home/sdc/Desktop/mocap4ros2_ws/Archive/build/custom_robot_msgs/rosidl_generator_c/custom_robot_msgs/msg/detail/robot_command_msgs__functions.c:4[m[K:
[0.906s] [01m[K/home/sdc/Desktop/mocap4ros2_ws/Archive/build/custom_robot_msgs/rosidl_generator_c/custom_robot_msgs/msg/detail/robot_command_msgs__struct.h:22:10:[m[K [01;31m[Kfatal error: [m[Kgeometry_msgs/msg/detail/point__struct.h: No such file or directory
[0.906s]    22 | #include [01;31m[K"geometry_msgs/msg/detail/point__struct.h"[m[K
[0.906s]       |          [01;31m[K^~~~~~~~~~~~~~~~~~~~~~~~~~~~~~~~~~~~~~~~~~[m[K
[0.906s] compilation terminated.
[0.906s] gmake[2]: *** [CMakeFiles/custom_robot_msgs__rosidl_generator_c.dir/build.make:121: CMakeFiles/custom_robot_msgs__rosidl_generator_c.dir/rosidl_generator_c/custom_robot_msgs/msg/detail/robot_command_msgs__functions.c.o] Error 1
[0.906s] gmake[2]: *** Waiting for unfinished jobs....
[0.908s] [ 10%] [32mBuilding CXX object CMakeFiles/custom_robot_msgs__rosidl_typesupport_cpp.dir/rosidl_typesupport_cpp/custom_robot_msgs/msg/robot_command_msgs__type_support.cpp.o[0m
[0.910s] [ 12%] [32mBuilding CXX object CMakeFiles/custom_robot_msgs__rosidl_typesupport_cpp.dir/rosidl_typesupport_cpp/custom_robot_msgs/srv/add_three_ints__type_support.cpp.o[0m
[0.915s] [ 15%] [32mBuilding CXX object CMakeFiles/custom_robot_msgs__rosidl_typesupport_introspection_cpp.dir/rosidl_typesupport_introspection_cpp/custom_robot_msgs/msg/detail/robot_command_msgs__type_support.cpp.o[0m
[0.919s] [ 23%] [32mBuilding CXX object CMakeFiles/custom_robot_msgs__rosidl_typesupport_introspection_cpp.dir/rosidl_typesupport_introspection_cpp/custom_robot_msgs/srv/detail/add_three_ints__type_support.cpp.o[0m
[0.919s] [ 23%] [32mBuilding CXX object CMakeFiles/custom_robot_msgs__rosidl_typesupport_fastrtps_cpp.dir/rosidl_typesupport_fastrtps_cpp/custom_robot_msgs/msg/detail/dds_fastrtps/robot_command_msgs__type_support.cpp.o[0m
[0.919s] [ 23%] [32mBuilding CXX object CMakeFiles/custom_robot_msgs__rosidl_typesupport_fastrtps_cpp.dir/rosidl_typesupport_fastrtps_cpp/custom_robot_msgs/srv/detail/dds_fastrtps/add_three_ints__type_support.cpp.o[0m
[0.939s] In file included from [01m[K/home/sdc/Desktop/mocap4ros2_ws/Archive/build/custom_robot_msgs/rosidl_typesupport_cpp/custom_robot_msgs/msg/robot_command_msgs__type_support.cpp:7[m[K:
[0.939s] [01m[K/home/sdc/Desktop/mocap4ros2_ws/Archive/build/custom_robot_msgs/rosidl_generator_cpp/custom_robot_msgs/msg/detail/robot_command_msgs__struct.hpp:20:10:[m[K [01;31m[Kfatal error: [m[Kgeometry_msgs/msg/detail/point__struct.hpp: No such file or directory
[0.939s]    20 | #include [01;31m[K"geometry_msgs/msg/detail/point__struct.hpp"[m[K
[0.939s]       |          [01;31m[K^~~~~~~~~~~~~~~~~~~~~~~~~~~~~~~~~~~~~~~~~~~~[m[K
[0.939s] compilation terminated.
[0.939s] gmake[2]: *** [CMakeFiles/custom_robot_msgs__rosidl_typesupport_cpp.dir/build.make:90: CMakeFiles/custom_robot_msgs__rosidl_typesupport_cpp.dir/rosidl_typesupport_cpp/custom_robot_msgs/msg/robot_command_msgs__type_support.cpp.o] Error 1
[0.939s] gmake[2]: *** Waiting for unfinished jobs....
[0.944s] gmake[1]: *** [CMakeFiles/Makefile2:213: CMakeFiles/custom_robot_msgs__rosidl_generator_c.dir/all] Error 2
[0.944s] gmake[1]: *** Waiting for unfinished jobs....
[0.947s] In file included from [01m[K/home/sdc/Desktop/mocap4ros2_ws/Archive/build/custom_robot_msgs/rosidl_typesupport_introspection_cpp/custom_robot_msgs/msg/detail/robot_command_msgs__type_support.cpp:12[m[K:
[0.947s] [01m[K/home/sdc/Desktop/mocap4ros2_ws/Archive/build/custom_robot_msgs/rosidl_generator_cpp/custom_robot_msgs/msg/detail/robot_command_msgs__struct.hpp:20:10:[m[K [01;31m[Kfatal error: [m[Kgeometry_msgs/msg/detail/point__struct.hpp: No such file or directory
[0.947s]    20 | #include [01;31m[K"geometry_msgs/msg/detail/point__struct.hpp"[m[K
[0.948s]       |          [01;31m[K^~~~~~~~~~~~~~~~~~~~~~~~~~~~~~~~~~~~~~~~~~~~[m[K
[0.948s] compilation terminated.
[0.948s] gmake[2]: *** [CMakeFiles/custom_robot_msgs__rosidl_typesupport_introspection_cpp.dir/build.make:98: CMakeFiles/custom_robot_msgs__rosidl_typesupport_introspection_cpp.dir/rosidl_typesupport_introspection_cpp/custom_robot_msgs/msg/detail/robot_command_msgs__type_support.cpp.o] Error 1
[0.948s] gmake[2]: *** Waiting for unfinished jobs....
[0.962s] In file included from [01m[K/home/sdc/Desktop/mocap4ros2_ws/Archive/build/custom_robot_msgs/rosidl_typesupport_fastrtps_cpp/custom_robot_msgs/msg/detail/robot_command_msgs__rosidl_typesupport_fastrtps_cpp.hpp:11[m[K,
[0.962s]                  from [01m[K/home/sdc/Desktop/mocap4ros2_ws/Archive/build/custom_robot_msgs/rosidl_typesupport_fastrtps_cpp/custom_robot_msgs/msg/detail/dds_fastrtps/robot_command_msgs__type_support.cpp:4[m[K:
[0.962s] [01m[K/home/sdc/Desktop/mocap4ros2_ws/Archive/build/custom_robot_msgs/rosidl_generator_cpp/custom_robot_msgs/msg/detail/robot_command_msgs__struct.hpp:20:10:[m[K [01;31m[Kfatal error: [m[Kgeometry_msgs/msg/detail/point__struct.hpp: No such file or directory
[0.962s]    20 | #include [01;31m[K"geometry_msgs/msg/detail/point__struct.hpp"[m[K
[0.962s]       |          [01;31m[K^~~~~~~~~~~~~~~~~~~~~~~~~~~~~~~~~~~~~~~~~~~~[m[K
[0.962s] compilation terminated.
[0.964s] gmake[2]: *** [CMakeFiles/custom_robot_msgs__rosidl_typesupport_fastrtps_cpp.dir/build.make:98: CMakeFiles/custom_robot_msgs__rosidl_typesupport_fastrtps_cpp.dir/rosidl_typesupport_fastrtps_cpp/custom_robot_msgs/msg/detail/dds_fastrtps/robot_command_msgs__type_support.cpp.o] Error 1
[0.964s] gmake[2]: *** Waiting for unfinished jobs....
[1.097s] running egg_info
[1.097s] writing custom_robot_msgs.egg-info/PKG-INFO
[1.097s] writing dependency_links to custom_robot_msgs.egg-info/dependency_links.txt
[1.097s] writing top-level names to custom_robot_msgs.egg-info/top_level.txt
[1.099s] reading manifest file 'custom_robot_msgs.egg-info/SOURCES.txt'
[1.099s] writing manifest file 'custom_robot_msgs.egg-info/SOURCES.txt'
[1.105s] gmake[1]: *** [CMakeFiles/Makefile2:395: CMakeFiles/custom_robot_msgs__rosidl_typesupport_cpp.dir/all] Error 2
[1.118s] [ 23%] Built target ament_cmake_python_build_custom_robot_msgs_egg
[1.121s] gmake[1]: *** [CMakeFiles/Makefile2:369: CMakeFiles/custom_robot_msgs__rosidl_typesupport_introspection_cpp.dir/all] Error 2
[1.135s] gmake[1]: *** [CMakeFiles/Makefile2:343: CMakeFiles/custom_robot_msgs__rosidl_typesupport_fastrtps_cpp.dir/all] Error 2
[1.135s] gmake: *** [Makefile:146: all] Error 2
[1.137s] Invoked command in '/home/sdc/Desktop/mocap4ros2_ws/Archive/build/custom_robot_msgs' returned '2': CMAKE_PREFIX_PATH=${CMAKE_PREFIX_PATH}:/home/sdc/Desktop/mocap4ros2_ws/Archive/install/target_pid_controller:/home/sdc/Desktop/mocap4ros2_ws/Archive/install/pure_pursuit:/home/sdc/Desktop/mocap4ros2_ws/install/target_pid_controller:/home/sdc/Desktop/mocap4ros2_ws/install/pure_pursuit:/home/sdc/Desktop/mocap4ros2_ws/install/rqt_joint_trajectory_controller:/home/sdc/Desktop/mocap4ros2_ws/install/rqt_controller_manager:/home/sdc/Desktop/mocap4ros2_ws/install/ros2controlcli:/home/sdc/Desktop/mocap4ros2_ws/install/ros2_controllers_test_nodes:/home/sdc/Desktop/mocap4ros2_ws/install/mocap4r2cli:/home/sdc/Desktop/mocap4ros2_ws/install/learning_tf2_py:/opt/ros/humble /usr/bin/cmake --build /home/sdc/Desktop/mocap4ros2_ws/Archive/build/custom_robot_msgs -- -j16 -l16
