[0.090s] Invoking command in '/home/sdc/Desktop/mocap4ros2_ws/Archive/build/custom_robot_msgs': /usr/bin/cmake --build /home/sdc/Desktop/mocap4ros2_ws/Archive/build/custom_robot_msgs -- -j16 -l16
[0.106s] -- Found ament_cmake: 1.3.9 (/opt/ros/humble/share/ament_cmake/cmake)
[0.192s] -- Found rosidl_default_generators: 1.2.0 (/opt/ros/humble/share/rosidl_default_generators/cmake)
[0.199s] -- Using all available rosidl_typesupport_c: rosidl_typesupport_fastrtps_c;rosidl_typesupport_introspection_c
[0.200s] -- Found rosidl_adapter: 3.1.5 (/opt/ros/humble/share/rosidl_adapter/cmake)
[0.218s] -- Using all available rosidl_typesupport_cpp: rosidl_typesupport_fastrtps_cpp;rosidl_typesupport_introspection_cpp
[0.347s] Error parsing '/home/sdc/Desktop/mocap4ros2_ws/Archive/custom_robot_msgs/package.xml':
[0.374s] Traceback (most recent call last):
[0.374s]   File "/opt/ros/humble/share/ament_cmake_core/cmake/core/package_xml_2_cmake.py", line 150, in <module>
[0.374s]     main()
[0.374s]   File "/opt/ros/humble/share/ament_cmake_core/cmake/core/package_xml_2_cmake.py", line 53, in main
[0.374s]     raise e
[0.374s]   File "/opt/ros/humble/share/ament_cmake_core/cmake/core/package_xml_2_cmake.py", line 49, in main
[0.374s]     package = parse_package_string(
[0.374s]   File "/usr/lib/python3/dist-packages/catkin_pkg/package.py", line 788, in parse_package_string
[0.375s]     pkg.validate(warnings=warnings)
[0.375s]   File "/usr/lib/python3/dist-packages/catkin_pkg/package.py", line 330, in validate
[0.375s]     raise InvalidPackage('\n'.join(errors), self.filename)
[0.375s] catkin_pkg.package.InvalidPackage: Error(s) in package '/home/sdc/Desktop/mocap4ros2_ws/Archive/custom_robot_msgs/package.xml':
[0.375s] The package "custom_robot_msgs" must not "exec_depend" on a package with the same name as this package
[0.383s] [31mCMake Error at /opt/ros/humble/share/ament_cmake_core/cmake/core/ament_package_xml.cmake:95 (message):
[0.383s]   execute_process(/usr/bin/python3
[0.383s]   /opt/ros/humble/share/ament_cmake_core/cmake/core/package_xml_2_cmake.py
[0.383s]   /home/sdc/Desktop/mocap4ros2_ws/Archive/custom_robot_msgs/package.xml
[0.383s]   /home/sdc/Desktop/mocap4ros2_ws/Archive/build/custom_robot_msgs/ament_cmake_core/package.cmake)
[0.383s]   returned error code 1
[0.383s] Call Stack (most recent call first):
[0.383s]   /opt/ros/humble/share/ament_cmake_core/cmake/core/ament_package_xml.cmake:49 (_ament_package_xml)
[0.383s]   /opt/ros/humble/share/rosidl_cmake/cmake/rosidl_generate_interfaces.cmake:226 (ament_package_xml)
[0.383s]   CMakeLists.txt:16 (rosidl_generate_interfaces)
[0.383s] 
[0.383s] [0m
[0.384s] -- Configuring incomplete, errors occurred!
[0.384s] See also "/home/sdc/Desktop/mocap4ros2_ws/Archive/build/custom_robot_msgs/CMakeFiles/CMakeOutput.log".
[0.387s] gmake: *** [Makefile:963: cmake_check_build_system] Error 1
[0.388s] Invoked command in '/home/sdc/Desktop/mocap4ros2_ws/Archive/build/custom_robot_msgs' returned '2': /usr/bin/cmake --build /home/sdc/Desktop/mocap4ros2_ws/Archive/build/custom_robot_msgs -- -j16 -l16
